nohup: 入力を無視します
[INFO] Start OpenScene export
[INFO] Input=/nas/data/araake/scenefun3d/original  Output=/nas/data_2/araake/scenefun3d/openscene/data
[INFO] Types=3d
[INFO] Mode=ALL
[INFO] Scene scene0000_00 (visit=420673, video=42445198) split=train types=3d
[INFO] VoxelGrid downsampled points: 6010016 -> 339307 (max=500000)
[INFO] 3D export: coords=339307 pts -> /nas/data_2/araake/scenefun3d/openscene/data/scenefun_3d_vg/train/scene0000_00.pth
[DONE] scene0000_00
[INFO] Scene scene0001_00 (visit=420683, video=42445137) split=train types=3d
[INFO] VoxelGrid downsampled points: 2836109 -> 370598 (max=500000)
[INFO] 3D export: coords=370598 pts -> /nas/data_2/araake/scenefun3d/openscene/data/scenefun_3d_vg/train/scene0001_00.pth
[DONE] scene0001_00
[INFO] Scene scene0002_00 (visit=420693, video=42445173) split=train types=3d
[INFO] VoxelGrid downsampled points: 8658574 -> 428587 (max=500000)
[INFO] 3D export: coords=428587 pts -> /nas/data_2/araake/scenefun3d/openscene/data/scenefun_3d_vg/train/scene0002_00.pth
[DONE] scene0002_00
[INFO] Scene scene0003_00 (visit=421002, video=42444873) split=train types=3d
[INFO] VoxelGrid downsampled points: 6316947 -> 292881 (max=500000)
[INFO] 3D export: coords=292881 pts -> /nas/data_2/araake/scenefun3d/openscene/data/scenefun_3d_vg/train/scene0003_00.pth
[DONE] scene0003_00
[INFO] Scene scene0004_00 (visit=421005, video=42444719) split=train types=3d
[INFO] VoxelGrid downsampled points: 3212925 -> 278773 (max=500000)
[INFO] 3D export: coords=278773 pts -> /nas/data_2/araake/scenefun3d/openscene/data/scenefun_3d_vg/train/scene0004_00.pth
[DONE] scene0004_00
[INFO] Scene scene0005_00 (visit=421010, video=42444709) split=train types=3d
[INFO] VoxelGrid downsampled points: 4393600 -> 340957 (max=500000)
[INFO] 3D export: coords=340957 pts -> /nas/data_2/araake/scenefun3d/openscene/data/scenefun_3d_vg/train/scene0005_00.pth
[DONE] scene0005_00
[INFO] Scene scene0006_00 (visit=421013, video=42444703) split=train types=3d
[INFO] VoxelGrid downsampled points: 3455070 -> 340263 (max=500000)
[INFO] 3D export: coords=340263 pts -> /nas/data_2/araake/scenefun3d/openscene/data/scenefun_3d_vg/train/scene0006_00.pth
[DONE] scene0006_00
[INFO] Scene scene0007_00 (visit=421015, video=42444789) split=train types=3d
[INFO] VoxelGrid downsampled points: 7953728 -> 268451 (max=500000)
[INFO] 3D export: coords=268451 pts -> /nas/data_2/araake/scenefun3d/openscene/data/scenefun_3d_vg/train/scene0007_00.pth
[DONE] scene0007_00
[INFO] Scene scene0008_00 (visit=421061, video=42444514) split=train types=3d
[INFO] VoxelGrid downsampled points: 1966804 -> 214811 (max=500000)
[INFO] 3D export: coords=214811 pts -> /nas/data_2/araake/scenefun3d/openscene/data/scenefun_3d_vg/train/scene0008_00.pth
[DONE] scene0008_00
[INFO] Scene scene0009_00 (visit=421063, video=42444513) split=train types=3d
[INFO] VoxelGrid downsampled points: 2494823 -> 233469 (max=500000)
[INFO] 3D export: coords=233469 pts -> /nas/data_2/araake/scenefun3d/openscene/data/scenefun_3d_vg/train/scene0009_00.pth
[DONE] scene0009_00
[INFO] Scene scene0010_00 (visit=421065, video=42444503) split=train types=3d
[INFO] VoxelGrid downsampled points: 3457312 -> 335245 (max=500000)
[INFO] 3D export: coords=335245 pts -> /nas/data_2/araake/scenefun3d/openscene/data/scenefun_3d_vg/train/scene0010_00.pth
[DONE] scene0010_00
[INFO] Scene scene0011_00 (visit=421069, video=42444490) split=train types=3d
[INFO] VoxelGrid downsampled points: 7921109 -> 240488 (max=500000)
[INFO] 3D export: coords=240488 pts -> /nas/data_2/araake/scenefun3d/openscene/data/scenefun_3d_vg/train/scene0011_00.pth
[DONE] scene0011_00
[INFO] Scene scene0012_00 (visit=421254, video=42444755) split=val types=3d
[INFO] VoxelGrid downsampled points: 2546020 -> 279834 (max=500000)
[INFO] 3D export: coords=279834 pts -> /nas/data_2/araake/scenefun3d/openscene/data/scenefun_3d_vg/val/scene0012_00.pth
[DONE] scene0012_00
[INFO] Scene scene0013_00 (visit=421264, video=42444887) split=train types=3d
[INFO] VoxelGrid downsampled points: 2011218 -> 252671 (max=500000)
[INFO] 3D export: coords=252671 pts -> /nas/data_2/araake/scenefun3d/openscene/data/scenefun_3d_vg/train/scene0013_00.pth
[DONE] scene0013_00
[INFO] Scene scene0014_00 (visit=421267, video=42444733) split=train types=3d
[INFO] VoxelGrid downsampled points: 4348198 -> 327927 (max=500000)
[INFO] 3D export: coords=327927 pts -> /nas/data_2/araake/scenefun3d/openscene/data/scenefun_3d_vg/train/scene0014_00.pth
[DONE] scene0014_00
[INFO] Scene scene0015_00 (visit=421379, video=42445479) split=train types=3d
[INFO] VoxelGrid downsampled points: 3206676 -> 302111 (max=500000)
[INFO] 3D export: coords=302111 pts -> /nas/data_2/araake/scenefun3d/openscene/data/scenefun_3d_vg/train/scene0015_00.pth
[DONE] scene0015_00
[INFO] Scene scene0016_00 (visit=421386, video=42445445) split=train types=3d
[INFO] VoxelGrid downsampled points: 4194445 -> 281896 (max=500000)
[INFO] 3D export: coords=281896 pts -> /nas/data_2/araake/scenefun3d/openscene/data/scenefun_3d_vg/train/scene0016_00.pth
[DONE] scene0016_00
[INFO] Scene scene0017_00 (visit=421391, video=42445428) split=train types=3d
[INFO] VoxelGrid downsampled points: 3934837 -> 357844 (max=500000)
[INFO] 3D export: coords=357844 pts -> /nas/data_2/araake/scenefun3d/openscene/data/scenefun_3d_vg/train/scene0017_00.pth
[DONE] scene0017_00
[INFO] Scene scene0018_00 (visit=421393, video=42444924) split=val types=3d
[INFO] VoxelGrid downsampled points: 2136108 -> 311222 (max=500000)
[INFO] 3D export: coords=311222 pts -> /nas/data_2/araake/scenefun3d/openscene/data/scenefun_3d_vg/val/scene0018_00.pth
[DONE] scene0018_00
[INFO] Scene scene0019_00 (visit=421397, video=42444916) split=train types=3d
[INFO] VoxelGrid downsampled points: 1632416 -> 194844 (max=500000)
[INFO] 3D export: coords=194844 pts -> /nas/data_2/araake/scenefun3d/openscene/data/scenefun_3d_vg/train/scene0019_00.pth
[DONE] scene0019_00
[INFO] Scene scene0020_00 (visit=421593, video=42445745) split=train types=3d
[INFO] VoxelGrid downsampled points: 6470084 -> 424317 (max=500000)
[INFO] 3D export: coords=424317 pts -> /nas/data_2/araake/scenefun3d/openscene/data/scenefun_3d_vg/train/scene0020_00.pth
[DONE] scene0020_00
[INFO] Scene scene0021_00 (visit=421602, video=42445599) split=train types=3d
[INFO] VoxelGrid downsampled points: 3682012 -> 499912 (max=500000)
[INFO] 3D export: coords=499912 pts -> /nas/data_2/araake/scenefun3d/openscene/data/scenefun_3d_vg/train/scene0021_00.pth
[DONE] scene0021_00
[INFO] Scene scene0022_00 (visit=421628, video=42445587) split=train types=3d
[INFO] VoxelGrid downsampled points: 2140309 -> 213598 (max=500000)
[INFO] 3D export: coords=213598 pts -> /nas/data_2/araake/scenefun3d/openscene/data/scenefun_3d_vg/train/scene0022_00.pth
[DONE] scene0022_00
[INFO] Scene scene0023_00 (visit=421647, video=42445078) split=train types=3d
[INFO] VoxelGrid downsampled points: 3096692 -> 234409 (max=500000)
[INFO] 3D export: coords=234409 pts -> /nas/data_2/araake/scenefun3d/openscene/data/scenefun_3d_vg/train/scene0023_00.pth
[DONE] scene0023_00
[INFO] Scene scene0024_00 (visit=421654, video=42445788) split=train types=3d
[INFO] VoxelGrid downsampled points: 2544064 -> 271917 (max=500000)
[INFO] 3D export: coords=271917 pts -> /nas/data_2/araake/scenefun3d/openscene/data/scenefun_3d_vg/train/scene0024_00.pth
[DONE] scene0024_00
[INFO] Scene scene0025_00 (visit=421657, video=42445639) split=val types=3d
[INFO] VoxelGrid downsampled points: 2757049 -> 276394 (max=500000)
[INFO] 3D export: coords=276394 pts -> /nas/data_2/araake/scenefun3d/openscene/data/scenefun_3d_vg/val/scene0025_00.pth
[DONE] scene0025_00
[INFO] Scene scene0026_00 (visit=421658, video=42445769) split=train types=3d
[INFO] VoxelGrid downsampled points: 2467113 -> 195049 (max=500000)
[INFO] 3D export: coords=195049 pts -> /nas/data_2/araake/scenefun3d/openscene/data/scenefun_3d_vg/train/scene0026_00.pth
[DONE] scene0026_00
[INFO] Scene scene0027_00 (visit=421853, video=42445502) split=train types=3d
[INFO] VoxelGrid downsampled points: 6546827 -> 445566 (max=500000)
[INFO] 3D export: coords=445566 pts -> /nas/data_2/araake/scenefun3d/openscene/data/scenefun_3d_vg/train/scene0027_00.pth
[DONE] scene0027_00
[INFO] Scene scene0028_00 (visit=421948, video=42446080) split=train types=3d
[INFO] VoxelGrid downsampled points: 1913967 -> 236261 (max=500000)
[INFO] 3D export: coords=236261 pts -> /nas/data_2/araake/scenefun3d/openscene/data/scenefun_3d_vg/train/scene0028_00.pth
[DONE] scene0028_00
[INFO] Scene scene0029_00 (visit=422006, video=42446031) split=train types=3d
[INFO] VoxelGrid downsampled points: 3667857 -> 230161 (max=500000)
[INFO] 3D export: coords=230161 pts -> /nas/data_2/araake/scenefun3d/openscene/data/scenefun_3d_vg/train/scene0029_00.pth
[DONE] scene0029_00
[INFO] Scene scene0030_00 (visit=422007, video=42446017) split=train types=3d
[INFO] VoxelGrid downsampled points: 3345231 -> 394099 (max=500000)
[INFO] 3D export: coords=394099 pts -> /nas/data_2/araake/scenefun3d/openscene/data/scenefun_3d_vg/train/scene0030_00.pth
[DONE] scene0030_00
[INFO] Scene scene0031_00 (visit=422009, video=42445888) split=train types=3d
[INFO] VoxelGrid downsampled points: 1327503 -> 247720 (max=500000)
[INFO] 3D export: coords=247720 pts -> /nas/data_2/araake/scenefun3d/openscene/data/scenefun_3d_vg/train/scene0031_00.pth
[DONE] scene0031_00
[INFO] Scene scene0032_00 (visit=422011, video=42445987) split=train types=3d
[INFO] VoxelGrid downsampled points: 5181468 -> 340452 (max=500000)
[INFO] 3D export: coords=340452 pts -> /nas/data_2/araake/scenefun3d/openscene/data/scenefun_3d_vg/train/scene0032_00.pth
[DONE] scene0032_00
[INFO] Scene scene0033_00 (visit=422134, video=42445716) split=train types=3d
[INFO] VoxelGrid downsampled points: 5213200 -> 249411 (max=500000)
[INFO] 3D export: coords=249411 pts -> /nas/data_2/araake/scenefun3d/openscene/data/scenefun_3d_vg/train/scene0033_00.pth
[DONE] scene0033_00
[INFO] Scene scene0034_00 (visit=422148, video=42445692) split=train types=3d
[INFO] VoxelGrid downsampled points: 8060865 -> 343175 (max=500000)
[INFO] 3D export: coords=343175 pts -> /nas/data_2/araake/scenefun3d/openscene/data/scenefun_3d_vg/train/scene0034_00.pth
[DONE] scene0034_00
[INFO] Scene scene0035_00 (visit=422155, video=42445680) split=train types=3d
[INFO] VoxelGrid downsampled points: 13108184 -> 474828 (max=500000)
[INFO] 3D export: coords=474828 pts -> /nas/data_2/araake/scenefun3d/openscene/data/scenefun_3d_vg/train/scene0035_00.pth
[DONE] scene0035_00
[INFO] Scene scene0036_00 (visit=422182, video=42445804) split=train types=3d
[INFO] VoxelGrid downsampled points: 3656296 -> 416271 (max=500000)
[INFO] 3D export: coords=416271 pts -> /nas/data_2/araake/scenefun3d/openscene/data/scenefun_3d_vg/train/scene0036_00.pth
[DONE] scene0036_00
[INFO] Scene scene0037_00 (visit=422195, video=42445790) split=train types=3d
[INFO] VoxelGrid downsampled points: 2995082 -> 343552 (max=500000)
[INFO] 3D export: coords=343552 pts -> /nas/data_2/araake/scenefun3d/openscene/data/scenefun_3d_vg/train/scene0037_00.pth
[DONE] scene0037_00
[INFO] Scene scene0038_00 (visit=422200, video=42445100) split=train types=3d
[INFO] VoxelGrid downsampled points: 2921820 -> 374330 (max=500000)
[INFO] 3D export: coords=374330 pts -> /nas/data_2/araake/scenefun3d/openscene/data/scenefun_3d_vg/train/scene0038_00.pth
[DONE] scene0038_00
[INFO] Scene scene0039_00 (visit=422203, video=42445783) split=train types=3d
[INFO] VoxelGrid downsampled points: 2285864 -> 207582 (max=500000)
[INFO] 3D export: coords=207582 pts -> /nas/data_2/araake/scenefun3d/openscene/data/scenefun_3d_vg/train/scene0039_00.pth
[DONE] scene0039_00
[INFO] Scene scene0040_00 (visit=422323, video=42446608) split=train types=3d
[INFO] VoxelGrid downsampled points: 3044033 -> 182455 (max=500000)
[INFO] 3D export: coords=182455 pts -> /nas/data_2/araake/scenefun3d/openscene/data/scenefun_3d_vg/train/scene0040_00.pth
[DONE] scene0040_00
[INFO] Scene scene0041_00 (visit=422354, video=42897633) split=train types=3d
[INFO] VoxelGrid downsampled points: 4608160 -> 242209 (max=500000)
[INFO] 3D export: coords=242209 pts -> /nas/data_2/araake/scenefun3d/openscene/data/scenefun_3d_vg/train/scene0041_00.pth
[DONE] scene0041_00
[INFO] Scene scene0042_00 (visit=422356, video=42446579) split=val types=3d
[INFO] VoxelGrid downsampled points: 4185789 -> 370872 (max=500000)
[INFO] 3D export: coords=370872 pts -> /nas/data_2/araake/scenefun3d/openscene/data/scenefun_3d_vg/val/scene0042_00.pth
[DONE] scene0042_00
[INFO] Scene scene0043_00 (visit=422377, video=42447329) split=train types=3d
[INFO] VoxelGrid downsampled points: 2191262 -> 261936 (max=500000)
[INFO] 3D export: coords=261936 pts -> /nas/data_2/araake/scenefun3d/openscene/data/scenefun_3d_vg/train/scene0043_00.pth
[DONE] scene0043_00
[INFO] Scene scene0044_00 (visit=422378, video=42447307) split=train types=3d
[INFO] VoxelGrid downsampled points: 2814948 -> 333648 (max=500000)
[INFO] 3D export: coords=333648 pts -> /nas/data_2/araake/scenefun3d/openscene/data/scenefun_3d_vg/train/scene0044_00.pth
[DONE] scene0044_00
[INFO] Scene scene0045_00 (visit=422383, video=42447294) split=train types=3d
[INFO] VoxelGrid downsampled points: 4163489 -> 329021 (max=500000)
[INFO] 3D export: coords=329021 pts -> /nas/data_2/araake/scenefun3d/openscene/data/scenefun_3d_vg/train/scene0045_00.pth
[DONE] scene0045_00
[INFO] Scene scene0046_00 (visit=422384, video=42446607) split=train types=3d
[INFO] VoxelGrid downsampled points: 6697482 -> 427819 (max=500000)
[INFO] 3D export: coords=427819 pts -> /nas/data_2/araake/scenefun3d/openscene/data/scenefun_3d_vg/train/scene0046_00.pth
[DONE] scene0046_00
[INFO] Scene scene0047_00 (visit=422516, video=42446495) split=train types=3d
[INFO] VoxelGrid downsampled points: 2305872 -> 309640 (max=500000)
[INFO] 3D export: coords=309640 pts -> /nas/data_2/araake/scenefun3d/openscene/data/scenefun_3d_vg/train/scene0047_00.pth
[DONE] scene0047_00
[INFO] Scene scene0048_00 (visit=422521, video=42446061) split=train types=3d
[INFO] VoxelGrid downsampled points: 2694198 -> 257146 (max=500000)
[INFO] 3D export: coords=257146 pts -> /nas/data_2/araake/scenefun3d/openscene/data/scenefun_3d_vg/train/scene0048_00.pth
[DONE] scene0048_00
[INFO] Scene scene0049_00 (visit=422523, video=42446468) split=train types=3d
[INFO] VoxelGrid downsampled points: 2505657 -> 211730 (max=500000)
[INFO] 3D export: coords=211730 pts -> /nas/data_2/araake/scenefun3d/openscene/data/scenefun_3d_vg/train/scene0049_00.pth
[DONE] scene0049_00
[INFO] Scene scene0050_00 (visit=422535, video=42446048) split=train types=3d
[INFO] VoxelGrid downsampled points: 5205622 -> 343046 (max=500000)
[INFO] 3D export: coords=343046 pts -> /nas/data_2/araake/scenefun3d/openscene/data/scenefun_3d_vg/train/scene0050_00.pth
[DONE] scene0050_00
[INFO] Scene scene0051_00 (visit=422539, video=42445938) split=train types=3d
[INFO] VoxelGrid downsampled points: 9749423 -> 465102 (max=500000)
[INFO] 3D export: coords=465102 pts -> /nas/data_2/araake/scenefun3d/openscene/data/scenefun_3d_vg/train/scene0051_00.pth
[DONE] scene0051_00
[INFO] Scene scene0052_00 (visit=422546, video=42446159) split=train types=3d
[INFO] VoxelGrid downsampled points: 2950009 -> 334537 (max=500000)
[INFO] 3D export: coords=334537 pts -> /nas/data_2/araake/scenefun3d/openscene/data/scenefun_3d_vg/train/scene0052_00.pth
[DONE] scene0052_00
[INFO] Scene scene0053_00 (visit=422838, video=42897675) split=train types=3d
[INFO] VoxelGrid downsampled points: 2703314 -> 254141 (max=500000)
[INFO] 3D export: coords=254141 pts -> /nas/data_2/araake/scenefun3d/openscene/data/scenefun_3d_vg/train/scene0053_00.pth
[DONE] scene0053_00
[INFO] Scene scene0054_00 (visit=422842, video=42897547) split=val types=3d
[INFO] VoxelGrid downsampled points: 5499923 -> 401732 (max=500000)
[INFO] 3D export: coords=401732 pts -> /nas/data_2/araake/scenefun3d/openscene/data/scenefun_3d_vg/val/scene0054_00.pth
[DONE] scene0054_00
[INFO] Scene scene0055_00 (visit=422847, video=42897512) split=train types=3d
[INFO] VoxelGrid downsampled points: 5927127 -> 447160 (max=500000)
[INFO] 3D export: coords=447160 pts -> /nas/data_2/araake/scenefun3d/openscene/data/scenefun_3d_vg/train/scene0055_00.pth
[DONE] scene0055_00
[INFO] Scene scene0056_00 (visit=423070, video=42447202) split=val types=3d
[INFO] VoxelGrid downsampled points: 3755065 -> 317407 (max=500000)
[INFO] 3D export: coords=317407 pts -> /nas/data_2/araake/scenefun3d/openscene/data/scenefun_3d_vg/val/scene0056_00.pth
[DONE] scene0056_00
[INFO] Scene scene0057_00 (visit=423306, video=42897743) split=train types=3d
[INFO] VoxelGrid downsampled points: 3758709 -> 194100 (max=500000)
[INFO] 3D export: coords=194100 pts -> /nas/data_2/araake/scenefun3d/openscene/data/scenefun_3d_vg/train/scene0057_00.pth
[DONE] scene0057_00
[INFO] Scene scene0058_00 (visit=423307, video=42897780) split=train types=3d
[INFO] VoxelGrid downsampled points: 4053743 -> 278160 (max=500000)
[INFO] 3D export: coords=278160 pts -> /nas/data_2/araake/scenefun3d/openscene/data/scenefun_3d_vg/train/scene0058_00.pth
[DONE] scene0058_00
[INFO] Scene scene0059_00 (visit=423310, video=42897877) split=train types=3d
[INFO] VoxelGrid downsampled points: 2856134 -> 384348 (max=500000)
[INFO] 3D export: coords=384348 pts -> /nas/data_2/araake/scenefun3d/openscene/data/scenefun_3d_vg/train/scene0059_00.pth
[DONE] scene0059_00
[INFO] Scene scene0060_00 (visit=423311, video=42898007) split=train types=3d
[INFO] VoxelGrid downsampled points: 1601779 -> 208579 (max=500000)
[INFO] 3D export: coords=208579 pts -> /nas/data_2/araake/scenefun3d/openscene/data/scenefun_3d_vg/train/scene0060_00.pth
[DONE] scene0060_00
[INFO] Scene scene0061_00 (visit=423315, video=42897868) split=train types=3d
[INFO] VoxelGrid downsampled points: 3154301 -> 435937 (max=500000)
[INFO] 3D export: coords=435937 pts -> /nas/data_2/araake/scenefun3d/openscene/data/scenefun_3d_vg/train/scene0061_00.pth
[DONE] scene0061_00
[INFO] Scene scene0062_00 (visit=423325, video=42897722) split=train types=3d
[INFO] VoxelGrid downsampled points: 5486378 -> 299347 (max=500000)
[INFO] 3D export: coords=299347 pts -> /nas/data_2/araake/scenefun3d/openscene/data/scenefun_3d_vg/train/scene0062_00.pth
[DONE] scene0062_00
[INFO] Scene scene0063_00 (visit=423438, video=42897439) split=train types=3d
[INFO] VoxelGrid downsampled points: 3666550 -> 300759 (max=500000)
[INFO] 3D export: coords=300759 pts -> /nas/data_2/araake/scenefun3d/openscene/data/scenefun_3d_vg/train/scene0063_00.pth
[DONE] scene0063_00
[INFO] Scene scene0064_00 (visit=423442, video=42897478) split=train types=3d
[INFO] VoxelGrid downsampled points: 3481273 -> 250520 (max=500000)
[INFO] 3D export: coords=250520 pts -> /nas/data_2/araake/scenefun3d/openscene/data/scenefun_3d_vg/train/scene0064_00.pth
[DONE] scene0064_00
[INFO] Scene scene0065_00 (visit=423452, video=42897434) split=val types=3d
[INFO] VoxelGrid downsampled points: 7268853 -> 315093 (max=500000)
[INFO] 3D export: coords=315093 pts -> /nas/data_2/araake/scenefun3d/openscene/data/scenefun_3d_vg/val/scene0065_00.pth
[DONE] scene0065_00
[INFO] Scene scene0066_00 (visit=423461, video=42897419) split=train types=3d
[INFO] VoxelGrid downsampled points: 2046091 -> 170672 (max=500000)
[INFO] 3D export: coords=170672 pts -> /nas/data_2/araake/scenefun3d/openscene/data/scenefun_3d_vg/train/scene0066_00.pth
[DONE] scene0066_00
[INFO] Scene scene0067_00 (visit=423474, video=42897405) split=train types=3d
[INFO] VoxelGrid downsampled points: 2554518 -> 197185 (max=500000)
[INFO] 3D export: coords=197185 pts -> /nas/data_2/araake/scenefun3d/openscene/data/scenefun_3d_vg/train/scene0067_00.pth
[DONE] scene0067_00
[INFO] Scene scene0068_00 (visit=423738, video=42897818) split=train types=3d
[INFO] VoxelGrid downsampled points: 3931661 -> 234979 (max=500000)
[INFO] 3D export: coords=234979 pts -> /nas/data_2/araake/scenefun3d/openscene/data/scenefun_3d_vg/train/scene0068_00.pth
[DONE] scene0068_00
[INFO] Scene scene0069_00 (visit=423747, video=42897755) split=train types=3d
[INFO] VoxelGrid downsampled points: 7349853 -> 442712 (max=500000)
[INFO] 3D export: coords=442712 pts -> /nas/data_2/araake/scenefun3d/openscene/data/scenefun_3d_vg/train/scene0069_00.pth
[DONE] scene0069_00
[INFO] Scene scene0070_00 (visit=423770, video=42898065) split=train types=3d
[INFO] VoxelGrid downsampled points: 4321165 -> 318107 (max=500000)
[INFO] 3D export: coords=318107 pts -> /nas/data_2/araake/scenefun3d/openscene/data/scenefun_3d_vg/train/scene0070_00.pth
[DONE] scene0070_00
[INFO] Scene scene0071_00 (visit=423792, video=42897931) split=train types=3d
[INFO] VoxelGrid downsampled points: 1963696 -> 189261 (max=500000)
[INFO] 3D export: coords=189261 pts -> /nas/data_2/araake/scenefun3d/openscene/data/scenefun_3d_vg/train/scene0071_00.pth
[DONE] scene0071_00
[INFO] Scene scene0072_00 (visit=423953, video=42898345) split=train types=3d
[INFO] VoxelGrid downsampled points: 1811939 -> 251324 (max=500000)
[INFO] 3D export: coords=251324 pts -> /nas/data_2/araake/scenefun3d/openscene/data/scenefun_3d_vg/train/scene0072_00.pth
[DONE] scene0072_00
[INFO] Scene scene0073_00 (visit=423957, video=42898340) split=val types=3d
[INFO] VoxelGrid downsampled points: 3675188 -> 288060 (max=500000)
[INFO] 3D export: coords=288060 pts -> /nas/data_2/araake/scenefun3d/openscene/data/scenefun_3d_vg/val/scene0073_00.pth
[DONE] scene0073_00
[INFO] Scene scene0074_00 (visit=423966, video=42898334) split=train types=3d
[INFO] VoxelGrid downsampled points: 4037024 -> 279606 (max=500000)
[INFO] 3D export: coords=279606 pts -> /nas/data_2/araake/scenefun3d/openscene/data/scenefun_3d_vg/train/scene0074_00.pth
[DONE] scene0074_00
[INFO] Scene scene0075_00 (visit=423974, video=42898248) split=train types=3d
[INFO] VoxelGrid downsampled points: 4941650 -> 320677 (max=500000)
[INFO] 3D export: coords=320677 pts -> /nas/data_2/araake/scenefun3d/openscene/data/scenefun_3d_vg/train/scene0075_00.pth
[DONE] scene0075_00
[INFO] Scene scene0076_00 (visit=423989, video=42898221) split=train types=3d
[INFO] VoxelGrid downsampled points: 5055313 -> 294168 (max=500000)
[INFO] 3D export: coords=294168 pts -> /nas/data_2/araake/scenefun3d/openscene/data/scenefun_3d_vg/train/scene0076_00.pth
[DONE] scene0076_00
[INFO] Scene scene0077_00 (visit=426143, video=42898765) split=train types=3d
[INFO] VoxelGrid downsampled points: 5725813 -> 310771 (max=500000)
[INFO] 3D export: coords=310771 pts -> /nas/data_2/araake/scenefun3d/openscene/data/scenefun_3d_vg/train/scene0077_00.pth
[DONE] scene0077_00
[INFO] Scene scene0078_00 (visit=426153, video=42898470) split=train types=3d
[INFO] VoxelGrid downsampled points: 9255576 -> 389942 (max=500000)
[INFO] 3D export: coords=389942 pts -> /nas/data_2/araake/scenefun3d/openscene/data/scenefun_3d_vg/train/scene0078_00.pth
[DONE] scene0078_00
[INFO] Scene scene0079_00 (visit=426156, video=42898558) split=train types=3d
[INFO] VoxelGrid downsampled points: 4209470 -> 238670 (max=500000)
[INFO] 3D export: coords=238670 pts -> /nas/data_2/araake/scenefun3d/openscene/data/scenefun_3d_vg/train/scene0079_00.pth
[DONE] scene0079_00
[INFO] Scene scene0080_00 (visit=426247, video=42898189) split=train types=3d
[INFO] VoxelGrid downsampled points: 2402669 -> 270871 (max=500000)
[INFO] 3D export: coords=270871 pts -> /nas/data_2/araake/scenefun3d/openscene/data/scenefun_3d_vg/train/scene0080_00.pth
[DONE] scene0080_00
[INFO] Scene scene0081_00 (visit=426262, video=42898448) split=train types=3d
[INFO] VoxelGrid downsampled points: 1764764 -> 200145 (max=500000)
[INFO] 3D export: coords=200145 pts -> /nas/data_2/araake/scenefun3d/openscene/data/scenefun_3d_vg/train/scene0081_00.pth
[DONE] scene0081_00
[INFO] Scene scene0082_00 (visit=426265, video=42898156) split=train types=3d
[INFO] VoxelGrid downsampled points: 4228447 -> 287960 (max=500000)
[INFO] 3D export: coords=287960 pts -> /nas/data_2/araake/scenefun3d/openscene/data/scenefun_3d_vg/train/scene0082_00.pth
[DONE] scene0082_00
[INFO] Scene scene0083_00 (visit=434687, video=42898511) split=train types=3d
[INFO] VoxelGrid downsampled points: 6858317 -> 383438 (max=500000)
[INFO] 3D export: coords=383438 pts -> /nas/data_2/araake/scenefun3d/openscene/data/scenefun_3d_vg/train/scene0083_00.pth
[DONE] scene0083_00
[INFO] Scene scene0084_00 (visit=434688, video=42898802) split=train types=3d
[INFO] VoxelGrid downsampled points: 5006749 -> 254643 (max=500000)
[INFO] 3D export: coords=254643 pts -> /nas/data_2/araake/scenefun3d/openscene/data/scenefun_3d_vg/train/scene0084_00.pth
[DONE] scene0084_00
[INFO] Scene scene0085_00 (visit=434689, video=42898500) split=train types=3d
[INFO] VoxelGrid downsampled points: 4530598 -> 263731 (max=500000)
[INFO] 3D export: coords=263731 pts -> /nas/data_2/araake/scenefun3d/openscene/data/scenefun_3d_vg/train/scene0085_00.pth
[DONE] scene0085_00
[INFO] Scene scene0086_00 (visit=434700, video=42898571) split=train types=3d
[INFO] VoxelGrid downsampled points: 7635562 -> 328676 (max=500000)
[INFO] 3D export: coords=328676 pts -> /nas/data_2/araake/scenefun3d/openscene/data/scenefun_3d_vg/train/scene0086_00.pth
[DONE] scene0086_00
[INFO] Scene scene0087_00 (visit=434872, video=42899433) split=train types=3d
[INFO] VoxelGrid downsampled points: 2513489 -> 198882 (max=500000)
[INFO] 3D export: coords=198882 pts -> /nas/data_2/araake/scenefun3d/openscene/data/scenefun_3d_vg/train/scene0087_00.pth
[DONE] scene0087_00
[INFO] Scene scene0088_00 (visit=434888, video=42899184) split=val types=3d
[INFO] VoxelGrid downsampled points: 4274977 -> 277820 (max=500000)
[INFO] 3D export: coords=277820 pts -> /nas/data_2/araake/scenefun3d/openscene/data/scenefun_3d_vg/val/scene0088_00.pth
[DONE] scene0088_00
[INFO] Scene scene0089_00 (visit=434892, video=42899175) split=train types=3d
[INFO] VoxelGrid downsampled points: 4517681 -> 224732 (max=500000)
[INFO] 3D export: coords=224732 pts -> /nas/data_2/araake/scenefun3d/openscene/data/scenefun_3d_vg/train/scene0089_00.pth
[DONE] scene0089_00
[INFO] Scene scene0090_00 (visit=434897, video=42899165) split=val types=3d
[INFO] VoxelGrid downsampled points: 4679700 -> 385773 (max=500000)
[INFO] 3D export: coords=385773 pts -> /nas/data_2/araake/scenefun3d/openscene/data/scenefun_3d_vg/val/scene0090_00.pth
[DONE] scene0090_00
[INFO] Scene scene0091_00 (visit=434955, video=42899137) split=train types=3d
[INFO] VoxelGrid downsampled points: 6161474 -> 328775 (max=500000)
[INFO] 3D export: coords=328775 pts -> /nas/data_2/araake/scenefun3d/openscene/data/scenefun_3d_vg/train/scene0091_00.pth
[DONE] scene0091_00
[INFO] Scene scene0092_00 (visit=435324, video=42899221) split=val types=3d
[INFO] VoxelGrid downsampled points: 4143480 -> 260968 (max=500000)
[INFO] 3D export: coords=260968 pts -> /nas/data_2/araake/scenefun3d/openscene/data/scenefun_3d_vg/val/scene0092_00.pth
[DONE] scene0092_00
[INFO] Scene scene0093_00 (visit=435327, video=42899295) split=train types=3d
[INFO] VoxelGrid downsampled points: 3476156 -> 182029 (max=500000)
[INFO] 3D export: coords=182029 pts -> /nas/data_2/araake/scenefun3d/openscene/data/scenefun_3d_vg/train/scene0093_00.pth
[DONE] scene0093_00
[INFO] Scene scene0094_00 (visit=435328, video=42899453) split=train types=3d
[INFO] VoxelGrid downsampled points: 3222683 -> 327388 (max=500000)
[INFO] 3D export: coords=327388 pts -> /nas/data_2/araake/scenefun3d/openscene/data/scenefun_3d_vg/train/scene0094_00.pth
[DONE] scene0094_00
[INFO] Scene scene0095_00 (visit=435345, video=42899562) split=train types=3d
[INFO] VoxelGrid downsampled points: 2172286 -> 304220 (max=500000)
[INFO] 3D export: coords=304220 pts -> /nas/data_2/araake/scenefun3d/openscene/data/scenefun_3d_vg/train/scene0095_00.pth
[DONE] scene0095_00
[INFO] Scene scene0096_00 (visit=435353, video=42899542) split=train types=3d
[INFO] VoxelGrid downsampled points: 5606838 -> 319545 (max=500000)
[INFO] 3D export: coords=319545 pts -> /nas/data_2/araake/scenefun3d/openscene/data/scenefun_3d_vg/train/scene0096_00.pth
[DONE] scene0096_00
[INFO] Scene scene0097_00 (visit=435357, video=42899624) split=val types=3d
[INFO] VoxelGrid downsampled points: 4596843 -> 275827 (max=500000)
[INFO] 3D export: coords=275827 pts -> /nas/data_2/araake/scenefun3d/openscene/data/scenefun_3d_vg/val/scene0097_00.pth
[DONE] scene0097_00
[INFO] Scene scene0098_00 (visit=435363, video=42899774) split=train types=3d
[INFO] VoxelGrid downsampled points: 2634432 -> 205947 (max=500000)
[INFO] 3D export: coords=205947 pts -> /nas/data_2/araake/scenefun3d/openscene/data/scenefun_3d_vg/train/scene0098_00.pth
[DONE] scene0098_00
[INFO] Scene scene0099_00 (visit=435715, video=42899600) split=train types=3d
[INFO] VoxelGrid downsampled points: 6175823 -> 289381 (max=500000)
[INFO] 3D export: coords=289381 pts -> /nas/data_2/araake/scenefun3d/openscene/data/scenefun_3d_vg/train/scene0099_00.pth
[DONE] scene0099_00
[INFO] Scene scene0100_00 (visit=435718, video=42899668) split=train types=3d
[INFO] VoxelGrid downsampled points: 3758969 -> 214312 (max=500000)
[INFO] 3D export: coords=214312 pts -> /nas/data_2/araake/scenefun3d/openscene/data/scenefun_3d_vg/train/scene0100_00.pth
[DONE] scene0100_00
[INFO] Scene scene0101_00 (visit=435724, video=42899822) split=train types=3d
[INFO] VoxelGrid downsampled points: 4647235 -> 269986 (max=500000)
[INFO] 3D export: coords=269986 pts -> /nas/data_2/araake/scenefun3d/openscene/data/scenefun_3d_vg/train/scene0101_00.pth
[DONE] scene0101_00
[INFO] Scene scene0102_00 (visit=436997, video=43649409) split=train types=3d
[INFO] VoxelGrid downsampled points: 5110958 -> 374383 (max=500000)
[INFO] 3D export: coords=374383 pts -> /nas/data_2/araake/scenefun3d/openscene/data/scenefun_3d_vg/train/scene0102_00.pth
[DONE] scene0102_00
[INFO] Scene scene0103_00 (visit=437125, video=43649480) split=train types=3d
[INFO] VoxelGrid downsampled points: 12069398 -> 499917 (max=500000)
[INFO] 3D export: coords=499917 pts -> /nas/data_2/araake/scenefun3d/openscene/data/scenefun_3d_vg/train/scene0103_00.pth
[DONE] scene0103_00
[INFO] Scene scene0104_00 (visit=437134, video=43649463) split=train types=3d
[INFO] VoxelGrid downsampled points: 8202257 -> 462156 (max=500000)
[INFO] 3D export: coords=462156 pts -> /nas/data_2/araake/scenefun3d/openscene/data/scenefun_3d_vg/train/scene0104_00.pth
[DONE] scene0104_00
[INFO] Scene scene0105_00 (visit=437157, video=43649686) split=val types=3d
[INFO] VoxelGrid downsampled points: 4291039 -> 316150 (max=500000)
[INFO] 3D export: coords=316150 pts -> /nas/data_2/araake/scenefun3d/openscene/data/scenefun_3d_vg/val/scene0105_00.pth
[DONE] scene0105_00
[INFO] Scene scene0106_00 (visit=437159, video=43649681) split=train types=3d
[INFO] VoxelGrid downsampled points: 1811036 -> 197004 (max=500000)
[INFO] 3D export: coords=197004 pts -> /nas/data_2/araake/scenefun3d/openscene/data/scenefun_3d_vg/train/scene0106_00.pth
[DONE] scene0106_00
[INFO] Scene scene0107_00 (visit=437165, video=43649615) split=train types=3d
[INFO] VoxelGrid downsampled points: 1738795 -> 196883 (max=500000)
[INFO] 3D export: coords=196883 pts -> /nas/data_2/araake/scenefun3d/openscene/data/scenefun_3d_vg/train/scene0107_00.pth
[DONE] scene0107_00
[INFO] Scene scene0108_00 (visit=437167, video=43649609) split=train types=3d
[INFO] VoxelGrid downsampled points: 2912377 -> 325634 (max=500000)
[INFO] 3D export: coords=325634 pts -> /nas/data_2/araake/scenefun3d/openscene/data/scenefun_3d_vg/train/scene0108_00.pth
[DONE] scene0108_00
[INFO] Scene scene0109_00 (visit=437168, video=43649603) split=train types=3d
[INFO] VoxelGrid downsampled points: 5695600 -> 375465 (max=500000)
[INFO] 3D export: coords=375465 pts -> /nas/data_2/araake/scenefun3d/openscene/data/scenefun_3d_vg/train/scene0109_00.pth
[DONE] scene0109_00
[INFO] Scene scene0110_00 (visit=437169, video=43649590) split=train types=3d
[INFO] VoxelGrid downsampled points: 3032008 -> 225382 (max=500000)
[INFO] 3D export: coords=225382 pts -> /nas/data_2/araake/scenefun3d/openscene/data/scenefun_3d_vg/train/scene0110_00.pth
[DONE] scene0110_00
[INFO] Scene scene0111_00 (visit=437219, video=43649727) split=train types=3d
[INFO] VoxelGrid downsampled points: 4122085 -> 324770 (max=500000)
[INFO] 3D export: coords=324770 pts -> /nas/data_2/araake/scenefun3d/openscene/data/scenefun_3d_vg/train/scene0111_00.pth
[DONE] scene0111_00
[INFO] Scene scene0112_00 (visit=437294, video=43649762) split=val types=3d
[INFO] VoxelGrid downsampled points: 4560091 -> 267127 (max=500000)
[INFO] 3D export: coords=267127 pts -> /nas/data_2/araake/scenefun3d/openscene/data/scenefun_3d_vg/val/scene0112_00.pth
[DONE] scene0112_00
[INFO] Scene scene0113_00 (visit=437299, video=43649802) split=train types=3d
[INFO] VoxelGrid downsampled points: 5552469 -> 426647 (max=500000)
[INFO] 3D export: coords=426647 pts -> /nas/data_2/araake/scenefun3d/openscene/data/scenefun_3d_vg/train/scene0113_00.pth
[DONE] scene0113_00
[INFO] Scene scene0114_00 (visit=437448, video=43828231) split=train types=3d
[INFO] VoxelGrid downsampled points: 7127697 -> 304144 (max=500000)
[INFO] 3D export: coords=304144 pts -> /nas/data_2/araake/scenefun3d/openscene/data/scenefun_3d_vg/train/scene0114_00.pth
[DONE] scene0114_00
[INFO] Scene scene0115_00 (visit=437450, video=43828154) split=train types=3d
[INFO] VoxelGrid downsampled points: 7288759 -> 265818 (max=500000)
[INFO] 3D export: coords=265818 pts -> /nas/data_2/araake/scenefun3d/openscene/data/scenefun_3d_vg/train/scene0115_00.pth
[DONE] scene0115_00
[INFO] Scene scene0116_00 (visit=437520, video=43828456) split=train types=3d
[INFO] VoxelGrid downsampled points: 1493747 -> 269760 (max=500000)
[INFO] 3D export: coords=269760 pts -> /nas/data_2/araake/scenefun3d/openscene/data/scenefun_3d_vg/train/scene0116_00.pth
[DONE] scene0116_00
[INFO] Scene scene0117_00 (visit=437521, video=43828441) split=train types=3d
[INFO] VoxelGrid downsampled points: 9930632 -> 417249 (max=500000)
[INFO] 3D export: coords=417249 pts -> /nas/data_2/araake/scenefun3d/openscene/data/scenefun_3d_vg/train/scene0117_00.pth
[DONE] scene0117_00
[INFO] Scene scene0118_00 (visit=437528, video=43828421) split=train types=3d
[INFO] VoxelGrid downsampled points: 2591589 -> 248029 (max=500000)
[INFO] 3D export: coords=248029 pts -> /nas/data_2/araake/scenefun3d/openscene/data/scenefun_3d_vg/train/scene0118_00.pth
[DONE] scene0118_00
[INFO] Scene scene0119_00 (visit=437530, video=43828402) split=train types=3d
[INFO] VoxelGrid downsampled points: 2312018 -> 272978 (max=500000)
[INFO] 3D export: coords=272978 pts -> /nas/data_2/araake/scenefun3d/openscene/data/scenefun_3d_vg/train/scene0119_00.pth
[DONE] scene0119_00
[INFO] Scene scene0120_00 (visit=437533, video=43828382) split=train types=3d
[INFO] VoxelGrid downsampled points: 4002237 -> 296698 (max=500000)
[INFO] 3D export: coords=296698 pts -> /nas/data_2/araake/scenefun3d/openscene/data/scenefun_3d_vg/train/scene0120_00.pth
[DONE] scene0120_00
[INFO] Scene scene0121_00 (visit=437539, video=43828361) split=train types=3d
[INFO] VoxelGrid downsampled points: 4759360 -> 307371 (max=500000)
[INFO] 3D export: coords=307371 pts -> /nas/data_2/araake/scenefun3d/openscene/data/scenefun_3d_vg/train/scene0121_00.pth
[DONE] scene0121_00
[INFO] Scene scene0122_00 (visit=437543, video=43828351) split=train types=3d
[INFO] VoxelGrid downsampled points: 2282937 -> 162441 (max=500000)
[INFO] 3D export: coords=162441 pts -> /nas/data_2/araake/scenefun3d/openscene/data/scenefun_3d_vg/train/scene0122_00.pth
[DONE] scene0122_00
[INFO] Scene scene0123_00 (visit=437709, video=43828391) split=train types=3d
[INFO] VoxelGrid downsampled points: 6071543 -> 354021 (max=500000)
[INFO] 3D export: coords=354021 pts -> /nas/data_2/araake/scenefun3d/openscene/data/scenefun_3d_vg/train/scene0123_00.pth
[DONE] scene0123_00
[INFO] Scene scene0124_00 (visit=437711, video=43828463) split=train types=3d
[INFO] VoxelGrid downsampled points: 2776533 -> 203415 (max=500000)
[INFO] 3D export: coords=203415 pts -> /nas/data_2/araake/scenefun3d/openscene/data/scenefun_3d_vg/train/scene0124_00.pth
[DONE] scene0124_00
[INFO] Scene scene0125_00 (visit=437985, video=43896024) split=train types=3d
[INFO] VoxelGrid downsampled points: 6945198 -> 487334 (max=500000)
[INFO] 3D export: coords=487334 pts -> /nas/data_2/araake/scenefun3d/openscene/data/scenefun_3d_vg/train/scene0125_00.pth
[DONE] scene0125_00
[INFO] Scene scene0126_00 (visit=438017, video=43896169) split=train types=3d
[INFO] VoxelGrid downsampled points: 6112279 -> 300148 (max=500000)
[INFO] 3D export: coords=300148 pts -> /nas/data_2/araake/scenefun3d/openscene/data/scenefun_3d_vg/train/scene0126_00.pth
[DONE] scene0126_00
[INFO] Scene scene0127_00 (visit=438101, video=43896256) split=train types=3d
[INFO] VoxelGrid downsampled points: 2293909 -> 215331 (max=500000)
[INFO] 3D export: coords=215331 pts -> /nas/data_2/araake/scenefun3d/openscene/data/scenefun_3d_vg/train/scene0127_00.pth
[DONE] scene0127_00
[INFO] Scene scene0128_00 (visit=438102, video=43896244) split=val types=3d
[INFO] VoxelGrid downsampled points: 2656366 -> 316035 (max=500000)
[INFO] 3D export: coords=316035 pts -> /nas/data_2/araake/scenefun3d/openscene/data/scenefun_3d_vg/val/scene0128_00.pth
[DONE] scene0128_00
[INFO] Scene scene0129_00 (visit=438118, video=43896177) split=train types=3d
[INFO] VoxelGrid downsampled points: 5429461 -> 300734 (max=500000)
[INFO] 3D export: coords=300734 pts -> /nas/data_2/araake/scenefun3d/openscene/data/scenefun_3d_vg/train/scene0129_00.pth
[DONE] scene0129_00
[INFO] Scene scene0130_00 (visit=438775, video=44358173) split=val types=3d
[INFO] VoxelGrid downsampled points: 7422686 -> 247611 (max=500000)
[INFO] 3D export: coords=247611 pts -> /nas/data_2/araake/scenefun3d/openscene/data/scenefun_3d_vg/val/scene0130_00.pth
[DONE] scene0130_00
[INFO] Scene scene0131_00 (visit=438779, video=44358167) split=train types=3d
[INFO] VoxelGrid downsampled points: 10163416 -> 480956 (max=500000)
[INFO] 3D export: coords=480956 pts -> /nas/data_2/araake/scenefun3d/openscene/data/scenefun_3d_vg/train/scene0131_00.pth
[DONE] scene0131_00
[INFO] Scene scene0132_00 (visit=438794, video=44358241) split=train types=3d
[INFO] VoxelGrid downsampled points: 1926077 -> 180662 (max=500000)
[INFO] 3D export: coords=180662 pts -> /nas/data_2/araake/scenefun3d/openscene/data/scenefun_3d_vg/train/scene0132_00.pth
[DONE] scene0132_00
[INFO] Scene scene0133_00 (visit=438795, video=44358230) split=train types=3d
[INFO] VoxelGrid downsampled points: 3839186 -> 235987 (max=500000)
[INFO] 3D export: coords=235987 pts -> /nas/data_2/araake/scenefun3d/openscene/data/scenefun_3d_vg/train/scene0133_00.pth
[DONE] scene0133_00
[INFO] Scene scene0134_00 (visit=438796, video=44358225) split=train types=3d
[INFO] VoxelGrid downsampled points: 5453125 -> 410357 (max=500000)
[INFO] 3D export: coords=410357 pts -> /nas/data_2/araake/scenefun3d/openscene/data/scenefun_3d_vg/train/scene0134_00.pth
[DONE] scene0134_00
[INFO] Scene scene0135_00 (visit=438804, video=44358253) split=train types=3d
[INFO] VoxelGrid downsampled points: 6228595 -> 337234 (max=500000)
[INFO] 3D export: coords=337234 pts -> /nas/data_2/araake/scenefun3d/openscene/data/scenefun_3d_vg/train/scene0135_00.pth
[DONE] scene0135_00
[INFO] Scene scene0136_00 (visit=438966, video=44358289) split=train types=3d
[INFO] VoxelGrid downsampled points: 3788849 -> 215653 (max=500000)
[INFO] 3D export: coords=215653 pts -> /nas/data_2/araake/scenefun3d/openscene/data/scenefun_3d_vg/train/scene0136_00.pth
[DONE] scene0136_00
[INFO] Scene scene0137_00 (visit=442392, video=44358328) split=train types=3d
[INFO] VoxelGrid downsampled points: 6912368 -> 412609 (max=500000)
[INFO] 3D export: coords=412609 pts -> /nas/data_2/araake/scenefun3d/openscene/data/scenefun_3d_vg/train/scene0137_00.pth
[DONE] scene0137_00
[INFO] Scene scene0138_00 (visit=455337, video=44358423) split=train types=3d
[INFO] VoxelGrid downsampled points: 1600118 -> 135126 (max=500000)
[INFO] 3D export: coords=135126 pts -> /nas/data_2/araake/scenefun3d/openscene/data/scenefun_3d_vg/train/scene0138_00.pth
[DONE] scene0138_00
[INFO] Scene scene0139_00 (visit=455339, video=44358418) split=train types=3d
[INFO] VoxelGrid downsampled points: 1494196 -> 346050 (max=500000)
[INFO] 3D export: coords=346050 pts -> /nas/data_2/araake/scenefun3d/openscene/data/scenefun_3d_vg/train/scene0139_00.pth
[DONE] scene0139_00
[INFO] Scene scene0140_00 (visit=455342, video=44358472) split=val types=3d
[INFO] VoxelGrid downsampled points: 5470855 -> 356767 (max=500000)
[INFO] 3D export: coords=356767 pts -> /nas/data_2/araake/scenefun3d/openscene/data/scenefun_3d_vg/val/scene0140_00.pth
[DONE] scene0140_00
[INFO] Scene scene0141_00 (visit=464230, video=44358691) split=train types=3d
[INFO] VoxelGrid downsampled points: 7710017 -> 324362 (max=500000)
[INFO] 3D export: coords=324362 pts -> /nas/data_2/araake/scenefun3d/openscene/data/scenefun_3d_vg/train/scene0141_00.pth
[DONE] scene0141_00
[INFO] Scene scene0142_00 (visit=464236, video=44358620) split=train types=3d
[INFO] VoxelGrid downsampled points: 4392851 -> 322883 (max=500000)
[INFO] 3D export: coords=322883 pts -> /nas/data_2/araake/scenefun3d/openscene/data/scenefun_3d_vg/train/scene0142_00.pth
[DONE] scene0142_00
[INFO] Scene scene0143_00 (visit=464754, video=44796279) split=train types=3d
[INFO] VoxelGrid downsampled points: 4699580 -> 299548 (max=500000)
[INFO] 3D export: coords=299548 pts -> /nas/data_2/araake/scenefun3d/openscene/data/scenefun_3d_vg/train/scene0143_00.pth
[DONE] scene0143_00
[INFO] Scene scene0144_00 (visit=464755, video=44796191) split=train types=3d
[INFO] VoxelGrid downsampled points: 2812042 -> 268827 (max=500000)
[INFO] 3D export: coords=268827 pts -> /nas/data_2/araake/scenefun3d/openscene/data/scenefun_3d_vg/train/scene0144_00.pth
[DONE] scene0144_00
[INFO] Scene scene0145_00 (visit=464758, video=44358731) split=train types=3d
[INFO] VoxelGrid downsampled points: 6529293 -> 297521 (max=500000)
[INFO] 3D export: coords=297521 pts -> /nas/data_2/araake/scenefun3d/openscene/data/scenefun_3d_vg/train/scene0145_00.pth
[DONE] scene0145_00
[INFO] Scene scene0146_00 (visit=464795, video=44796366) split=train types=3d
[INFO] VoxelGrid downsampled points: 8050830 -> 266597 (max=500000)
[INFO] 3D export: coords=266597 pts -> /nas/data_2/araake/scenefun3d/openscene/data/scenefun_3d_vg/train/scene0146_00.pth
[DONE] scene0146_00
[INFO] Scene scene0147_00 (visit=464975, video=44796505) split=train types=3d
[INFO] VoxelGrid downsampled points: 6824729 -> 355222 (max=500000)
[INFO] 3D export: coords=355222 pts -> /nas/data_2/araake/scenefun3d/openscene/data/scenefun_3d_vg/train/scene0147_00.pth
[DONE] scene0147_00
[INFO] Scene scene0148_00 (visit=464977, video=44796451) split=train types=3d
[INFO] VoxelGrid downsampled points: 4389231 -> 367069 (max=500000)
[INFO] 3D export: coords=367069 pts -> /nas/data_2/araake/scenefun3d/openscene/data/scenefun_3d_vg/train/scene0148_00.pth
[DONE] scene0148_00
[INFO] Scene scene0149_00 (visit=464979, video=44796491) split=train types=3d
[INFO] VoxelGrid downsampled points: 6597719 -> 330311 (max=500000)
[INFO] 3D export: coords=330311 pts -> /nas/data_2/araake/scenefun3d/openscene/data/scenefun_3d_vg/train/scene0149_00.pth
[DONE] scene0149_00
[INFO] Scene scene0150_00 (visit=464981, video=44796443) split=train types=3d
[INFO] VoxelGrid downsampled points: 9149892 -> 396675 (max=500000)
[INFO] 3D export: coords=396675 pts -> /nas/data_2/araake/scenefun3d/openscene/data/scenefun_3d_vg/train/scene0150_00.pth
[DONE] scene0150_00
[INFO] Scene scene0151_00 (visit=464982, video=44796483) split=train types=3d
[INFO] VoxelGrid downsampled points: 2656505 -> 190614 (max=500000)
[INFO] 3D export: coords=190614 pts -> /nas/data_2/araake/scenefun3d/openscene/data/scenefun_3d_vg/train/scene0151_00.pth
[DONE] scene0151_00
[INFO] Scene scene0152_00 (visit=466092, video=44796568) split=val types=3d
[INFO] VoxelGrid downsampled points: 8279405 -> 409693 (max=500000)
[INFO] 3D export: coords=409693 pts -> /nas/data_2/araake/scenefun3d/openscene/data/scenefun_3d_vg/val/scene0152_00.pth
[DONE] scene0152_00
[INFO] Scene scene0153_00 (visit=466111, video=44796475) split=train types=3d
[INFO] VoxelGrid downsampled points: 5289834 -> 331650 (max=500000)
[INFO] 3D export: coords=331650 pts -> /nas/data_2/araake/scenefun3d/openscene/data/scenefun_3d_vg/train/scene0153_00.pth
[DONE] scene0153_00
[INFO] Scene scene0154_00 (visit=466112, video=44796520) split=val types=3d
[INFO] VoxelGrid downsampled points: 3036119 -> 276923 (max=500000)
[INFO] 3D export: coords=276923 pts -> /nas/data_2/araake/scenefun3d/openscene/data/scenefun_3d_vg/val/scene0154_00.pth
[DONE] scene0154_00
[INFO] Scene scene0155_00 (visit=466159, video=44796598) split=train types=3d
[INFO] VoxelGrid downsampled points: 3746426 -> 457157 (max=500000)
[INFO] 3D export: coords=457157 pts -> /nas/data_2/araake/scenefun3d/openscene/data/scenefun_3d_vg/train/scene0155_00.pth
[DONE] scene0155_00
[INFO] Scene scene0156_00 (visit=466160, video=44796584) split=train types=3d
[INFO] VoxelGrid downsampled points: 2776480 -> 343317 (max=500000)
[INFO] 3D export: coords=343317 pts -> /nas/data_2/araake/scenefun3d/openscene/data/scenefun_3d_vg/train/scene0156_00.pth
[DONE] scene0156_00
[INFO] Scene scene0157_00 (visit=466162, video=44796575) split=val types=3d
[INFO] VoxelGrid downsampled points: 6068153 -> 280171 (max=500000)
[INFO] 3D export: coords=280171 pts -> /nas/data_2/araake/scenefun3d/openscene/data/scenefun_3d_vg/val/scene0157_00.pth
[DONE] scene0157_00
[INFO] Scene scene0158_00 (visit=466176, video=45260946) split=train types=3d
[INFO] VoxelGrid downsampled points: 9844582 -> 493047 (max=500000)
[INFO] 3D export: coords=493047 pts -> /nas/data_2/araake/scenefun3d/openscene/data/scenefun_3d_vg/train/scene0158_00.pth
[DONE] scene0158_00
[INFO] Scene scene0159_00 (visit=466234, video=44796752) split=train types=3d
[INFO] VoxelGrid downsampled points: 8295523 -> 372066 (max=500000)
[INFO] 3D export: coords=372066 pts -> /nas/data_2/araake/scenefun3d/openscene/data/scenefun_3d_vg/train/scene0159_00.pth
[DONE] scene0159_00
[INFO] Scene scene0160_00 (visit=466238, video=44796744) split=train types=3d
[INFO] VoxelGrid downsampled points: 11731447 -> 264440 (max=500000)
[INFO] 3D export: coords=264440 pts -> /nas/data_2/araake/scenefun3d/openscene/data/scenefun_3d_vg/train/scene0160_00.pth
[DONE] scene0160_00
[INFO] Scene scene0161_00 (visit=466433, video=45260892) split=train types=3d
[INFO] VoxelGrid downsampled points: 1971732 -> 195409 (max=500000)
[INFO] 3D export: coords=195409 pts -> /nas/data_2/araake/scenefun3d/openscene/data/scenefun_3d_vg/train/scene0161_00.pth
[DONE] scene0161_00
[INFO] Scene scene0162_00 (visit=466437, video=45260951) split=val types=3d
[INFO] VoxelGrid downsampled points: 4864801 -> 331837 (max=500000)
[INFO] 3D export: coords=331837 pts -> /nas/data_2/araake/scenefun3d/openscene/data/scenefun_3d_vg/val/scene0162_00.pth
[DONE] scene0162_00
[INFO] Scene scene0163_00 (visit=466637, video=45261172) split=train types=3d
[INFO] VoxelGrid downsampled points: 8475326 -> 380768 (max=500000)
[INFO] 3D export: coords=380768 pts -> /nas/data_2/araake/scenefun3d/openscene/data/scenefun_3d_vg/train/scene0163_00.pth
[DONE] scene0163_00
[INFO] Scene scene0164_00 (visit=466644, video=45261164) split=train types=3d
[INFO] VoxelGrid downsampled points: 9341193 -> 376526 (max=500000)
[INFO] 3D export: coords=376526 pts -> /nas/data_2/araake/scenefun3d/openscene/data/scenefun_3d_vg/train/scene0164_00.pth
[DONE] scene0164_00
[INFO] Scene scene0165_00 (visit=466731, video=45261281) split=train types=3d
[INFO] VoxelGrid downsampled points: 5478732 -> 334481 (max=500000)
[INFO] 3D export: coords=334481 pts -> /nas/data_2/araake/scenefun3d/openscene/data/scenefun_3d_vg/train/scene0165_00.pth
[DONE] scene0165_00
[INFO] Scene scene0166_00 (visit=466739, video=45261263) split=train types=3d
[INFO] VoxelGrid downsampled points: 2812906 -> 317638 (max=500000)
[INFO] 3D export: coords=317638 pts -> /nas/data_2/araake/scenefun3d/openscene/data/scenefun_3d_vg/train/scene0166_00.pth
[DONE] scene0166_00
[INFO] Scene scene0167_00 (visit=466741, video=45261206) split=train types=3d
[INFO] VoxelGrid downsampled points: 6574877 -> 289032 (max=500000)
[INFO] 3D export: coords=289032 pts -> /nas/data_2/araake/scenefun3d/openscene/data/scenefun_3d_vg/train/scene0167_00.pth
[DONE] scene0167_00
[INFO] Scene scene0168_00 (visit=466828, video=45261317) split=train types=3d
[INFO] VoxelGrid downsampled points: 7082671 -> 320981 (max=500000)
[INFO] 3D export: coords=320981 pts -> /nas/data_2/araake/scenefun3d/openscene/data/scenefun_3d_vg/train/scene0168_00.pth
[DONE] scene0168_00
[INFO] Scene scene0169_00 (visit=466831, video=47331772) split=train types=3d
[INFO] VoxelGrid downsampled points: 4390873 -> 352738 (max=500000)
[INFO] 3D export: coords=352738 pts -> /nas/data_2/araake/scenefun3d/openscene/data/scenefun_3d_vg/train/scene0169_00.pth
[DONE] scene0169_00
[INFO] Scene scene0170_00 (visit=466832, video=45261397) split=train types=3d
[INFO] VoxelGrid downsampled points: 2177506 -> 169202 (max=500000)
[INFO] 3D export: coords=169202 pts -> /nas/data_2/araake/scenefun3d/openscene/data/scenefun_3d_vg/train/scene0170_00.pth
[DONE] scene0170_00
[INFO] Scene scene0171_00 (visit=466835, video=47331604) split=train types=3d
[INFO] VoxelGrid downsampled points: 1911558 -> 271803 (max=500000)
[INFO] 3D export: coords=271803 pts -> /nas/data_2/araake/scenefun3d/openscene/data/scenefun_3d_vg/train/scene0171_00.pth
[DONE] scene0171_00
[INFO] Scene scene0172_00 (visit=466841, video=47331591) split=val types=3d
[INFO] VoxelGrid downsampled points: 3123337 -> 320974 (max=500000)
[INFO] 3D export: coords=320974 pts -> /nas/data_2/araake/scenefun3d/openscene/data/scenefun_3d_vg/val/scene0172_00.pth
[DONE] scene0172_00
[INFO] Scene scene0173_00 (visit=466850, video=47331573) split=train types=3d
[INFO] VoxelGrid downsampled points: 6498129 -> 442076 (max=500000)
[INFO] 3D export: coords=442076 pts -> /nas/data_2/araake/scenefun3d/openscene/data/scenefun_3d_vg/train/scene0173_00.pth
[DONE] scene0173_00
[INFO] Scene scene0174_00 (visit=466869, video=45261378) split=train types=3d
[INFO] VoxelGrid downsampled points: 8994055 -> 455394 (max=500000)
[INFO] 3D export: coords=455394 pts -> /nas/data_2/araake/scenefun3d/openscene/data/scenefun_3d_vg/train/scene0174_00.pth
[DONE] scene0174_00
[INFO] Scene scene0175_00 (visit=466876, video=47331560) split=val types=3d
[INFO] VoxelGrid downsampled points: 2787715 -> 244972 (max=500000)
[INFO] 3D export: coords=244972 pts -> /nas/data_2/araake/scenefun3d/openscene/data/scenefun_3d_vg/val/scene0175_00.pth
[DONE] scene0175_00
[INFO] Scene scene0176_00 (visit=466880, video=47331711) split=val types=3d
[INFO] VoxelGrid downsampled points: 5541200 -> 379800 (max=500000)
[INFO] 3D export: coords=379800 pts -> /nas/data_2/araake/scenefun3d/openscene/data/scenefun_3d_vg/val/scene0176_00.pth
[DONE] scene0176_00
[INFO] Scene scene0177_00 (visit=466895, video=47331544) split=train types=3d
[INFO] VoxelGrid downsampled points: 5084719 -> 237698 (max=500000)
[INFO] 3D export: coords=237698 pts -> /nas/data_2/araake/scenefun3d/openscene/data/scenefun_3d_vg/train/scene0177_00.pth
[DONE] scene0177_00
[INFO] Scene scene0178_00 (visit=466899, video=47331625) split=train types=3d
[INFO] VoxelGrid downsampled points: 1963840 -> 277575 (max=500000)
[INFO] 3D export: coords=277575 pts -> /nas/data_2/araake/scenefun3d/openscene/data/scenefun_3d_vg/train/scene0178_00.pth
[DONE] scene0178_00
[INFO] Scene scene0179_00 (visit=466908, video=47331533) split=train types=3d
[INFO] VoxelGrid downsampled points: 7869502 -> 398434 (max=500000)
[INFO] 3D export: coords=398434 pts -> /nas/data_2/araake/scenefun3d/openscene/data/scenefun_3d_vg/train/scene0179_00.pth
[DONE] scene0179_00
[INFO] Scene scene0180_00 (visit=466916, video=47331617) split=val types=3d
[INFO] VoxelGrid downsampled points: 6031669 -> 420240 (max=500000)
[INFO] 3D export: coords=420240 pts -> /nas/data_2/araake/scenefun3d/openscene/data/scenefun_3d_vg/val/scene0180_00.pth
[DONE] scene0180_00
[INFO] Scene scene0181_00 (visit=466964, video=45261248) split=train types=3d
[INFO] VoxelGrid downsampled points: 2389252 -> 415032 (max=500000)
[INFO] 3D export: coords=415032 pts -> /nas/data_2/araake/scenefun3d/openscene/data/scenefun_3d_vg/train/scene0181_00.pth
[DONE] scene0181_00
[INFO] Scene scene0182_00 (visit=466965, video=45261297) split=train types=3d
[INFO] VoxelGrid downsampled points: 4352267 -> 364058 (max=500000)
[INFO] 3D export: coords=364058 pts -> /nas/data_2/araake/scenefun3d/openscene/data/scenefun_3d_vg/train/scene0182_00.pth
[DONE] scene0182_00
[INFO] Scene scene0183_00 (visit=466967, video=45261289) split=train types=3d
[INFO] VoxelGrid downsampled points: 3824393 -> 314079 (max=500000)
[INFO] 3D export: coords=314079 pts -> /nas/data_2/araake/scenefun3d/openscene/data/scenefun_3d_vg/train/scene0183_00.pth
[DONE] scene0183_00
[INFO] Scene scene0184_00 (visit=467102, video=45261495) split=train types=3d
[INFO] VoxelGrid downsampled points: 4913653 -> 432199 (max=500000)
[INFO] 3D export: coords=432199 pts -> /nas/data_2/araake/scenefun3d/openscene/data/scenefun_3d_vg/train/scene0184_00.pth
[DONE] scene0184_00
[INFO] Scene scene0185_00 (visit=467105, video=45261485) split=train types=3d
[INFO] VoxelGrid downsampled points: 2409292 -> 333326 (max=500000)
[INFO] 3D export: coords=333326 pts -> /nas/data_2/araake/scenefun3d/openscene/data/scenefun_3d_vg/train/scene0185_00.pth
[DONE] scene0185_00
[INFO] Scene scene0186_00 (visit=467106, video=47333329) split=train types=3d
[INFO] VoxelGrid downsampled points: 2308834 -> 317119 (max=500000)
[INFO] 3D export: coords=317119 pts -> /nas/data_2/araake/scenefun3d/openscene/data/scenefun_3d_vg/train/scene0186_00.pth
[DONE] scene0186_00
[INFO] Scene scene0187_00 (visit=467109, video=47333325) split=train types=3d
[INFO] VoxelGrid downsampled points: 3590931 -> 366196 (max=500000)
[INFO] 3D export: coords=366196 pts -> /nas/data_2/araake/scenefun3d/openscene/data/scenefun_3d_vg/train/scene0187_00.pth
[DONE] scene0187_00
[INFO] Scene scene0188_00 (visit=467115, video=47333319) split=val types=3d
[INFO] VoxelGrid downsampled points: 8487949 -> 499892 (max=500000)
[INFO] 3D export: coords=499892 pts -> /nas/data_2/araake/scenefun3d/openscene/data/scenefun_3d_vg/val/scene0188_00.pth
[DONE] scene0188_00
[INFO] Scene scene0189_00 (visit=467119, video=47333497) split=train types=3d
[INFO] VoxelGrid downsampled points: 9584777 -> 361769 (max=500000)
[INFO] 3D export: coords=361769 pts -> /nas/data_2/araake/scenefun3d/openscene/data/scenefun_3d_vg/train/scene0189_00.pth
[DONE] scene0189_00
[INFO] Scene scene0190_00 (visit=467125, video=47333487) split=train types=3d
[INFO] VoxelGrid downsampled points: 2550756 -> 178472 (max=500000)
[INFO] 3D export: coords=178472 pts -> /nas/data_2/araake/scenefun3d/openscene/data/scenefun_3d_vg/train/scene0190_00.pth
[DONE] scene0190_00
[INFO] Scene scene0191_00 (visit=467128, video=47333477) split=train types=3d
[INFO] VoxelGrid downsampled points: 2127493 -> 215925 (max=500000)
[INFO] 3D export: coords=215925 pts -> /nas/data_2/araake/scenefun3d/openscene/data/scenefun_3d_vg/train/scene0191_00.pth
[DONE] scene0191_00
[INFO] Scene scene0192_00 (visit=467139, video=47333298) split=val types=3d
[INFO] VoxelGrid downsampled points: 2974948 -> 247840 (max=500000)
[INFO] 3D export: coords=247840 pts -> /nas/data_2/araake/scenefun3d/openscene/data/scenefun_3d_vg/val/scene0192_00.pth
[DONE] scene0192_00
[INFO] Scene scene0193_00 (visit=467152, video=47333281) split=train types=3d
[INFO] VoxelGrid downsampled points: 6468956 -> 296221 (max=500000)
[INFO] 3D export: coords=296221 pts -> /nas/data_2/araake/scenefun3d/openscene/data/scenefun_3d_vg/train/scene0193_00.pth
[DONE] scene0193_00
[INFO] Scene scene0194_00 (visit=467159, video=47333521) split=train types=3d
[INFO] VoxelGrid downsampled points: 1774329 -> 258913 (max=500000)
[INFO] 3D export: coords=258913 pts -> /nas/data_2/araake/scenefun3d/openscene/data/scenefun_3d_vg/train/scene0194_00.pth
[DONE] scene0194_00
[INFO] Scene scene0195_00 (visit=467166, video=47333372) split=train types=3d
[INFO] VoxelGrid downsampled points: 2627581 -> 230185 (max=500000)
[INFO] 3D export: coords=230185 pts -> /nas/data_2/araake/scenefun3d/openscene/data/scenefun_3d_vg/train/scene0195_00.pth
[DONE] scene0195_00
[INFO] Scene scene0196_00 (visit=467175, video=47333512) split=train types=3d
[INFO] VoxelGrid downsampled points: 4255965 -> 406777 (max=500000)
[INFO] 3D export: coords=406777 pts -> /nas/data_2/araake/scenefun3d/openscene/data/scenefun_3d_vg/train/scene0196_00.pth
[DONE] scene0196_00
[INFO] Scene scene0197_00 (visit=467181, video=47333233) split=train types=3d
[INFO] VoxelGrid downsampled points: 6989919 -> 435980 (max=500000)
[INFO] 3D export: coords=435980 pts -> /nas/data_2/araake/scenefun3d/openscene/data/scenefun_3d_vg/train/scene0197_00.pth
[DONE] scene0197_00
[INFO] Scene scene0198_00 (visit=467252, video=45261406) split=train types=3d
[INFO] VoxelGrid downsampled points: 2574384 -> 373287 (max=500000)
[INFO] 3D export: coords=373287 pts -> /nas/data_2/araake/scenefun3d/openscene/data/scenefun_3d_vg/train/scene0198_00.pth
[DONE] scene0198_00
[INFO] Scene scene0199_00 (visit=467254, video=47331796) split=train types=3d
[INFO] VoxelGrid downsampled points: 1268419 -> 303153 (max=500000)
[INFO] 3D export: coords=303153 pts -> /nas/data_2/araake/scenefun3d/openscene/data/scenefun_3d_vg/train/scene0199_00.pth
[DONE] scene0199_00
[INFO] Scene scene0200_00 (visit=467283, video=45261522) split=train types=3d
[INFO] VoxelGrid downsampled points: 4046611 -> 347012 (max=500000)
[INFO] 3D export: coords=347012 pts -> /nas/data_2/araake/scenefun3d/openscene/data/scenefun_3d_vg/train/scene0200_00.pth
[DONE] scene0200_00
[INFO] Scene scene0201_00 (visit=467296, video=47334005) split=train types=3d
[INFO] VoxelGrid downsampled points: 2363063 -> 257942 (max=500000)
[INFO] 3D export: coords=257942 pts -> /nas/data_2/araake/scenefun3d/openscene/data/scenefun_3d_vg/train/scene0201_00.pth
[DONE] scene0201_00
[INFO] Scene scene0202_00 (visit=467297, video=47334001) split=train types=3d
[INFO] VoxelGrid downsampled points: 1737051 -> 229547 (max=500000)
[INFO] 3D export: coords=229547 pts -> /nas/data_2/araake/scenefun3d/openscene/data/scenefun_3d_vg/train/scene0202_00.pth
[DONE] scene0202_00
[INFO] Scene scene0203_00 (visit=467312, video=45261571) split=train types=3d
[INFO] VoxelGrid downsampled points: 2799211 -> 300111 (max=500000)
[INFO] 3D export: coords=300111 pts -> /nas/data_2/araake/scenefun3d/openscene/data/scenefun_3d_vg/train/scene0203_00.pth
[DONE] scene0203_00
[INFO] Scene scene0204_00 (visit=467326, video=45261544) split=train types=3d
[INFO] 3D export: coords=492864 pts -> /nas/data_2/araake/scenefun3d/openscene/data/scenefun_3d_vg/train/scene0204_00.pth
[DONE] scene0204_00
[INFO] Scene scene0205_00 (visit=467330, video=45261600) split=val types=3d
[INFO] VoxelGrid downsampled points: 4656249 -> 360867 (max=500000)
[INFO] 3D export: coords=360867 pts -> /nas/data_2/araake/scenefun3d/openscene/data/scenefun_3d_vg/val/scene0205_00.pth
[DONE] scene0205_00
[INFO] Scene scene0206_00 (visit=467334, video=45261541) split=train types=3d
[INFO] VoxelGrid downsampled points: 6697233 -> 362791 (max=500000)
[INFO] 3D export: coords=362791 pts -> /nas/data_2/araake/scenefun3d/openscene/data/scenefun_3d_vg/train/scene0206_00.pth
[DONE] scene0206_00
[INFO] Scene scene0207_00 (visit=467337, video=47333974) split=train types=3d
[INFO] VoxelGrid downsampled points: 3068653 -> 336080 (max=500000)
[INFO] 3D export: coords=336080 pts -> /nas/data_2/araake/scenefun3d/openscene/data/scenefun_3d_vg/train/scene0207_00.pth
[DONE] scene0207_00
[INFO] Scene scene0208_00 (visit=467341, video=47333892) split=train types=3d
[INFO] VoxelGrid downsampled points: 2758283 -> 256586 (max=500000)
[INFO] 3D export: coords=256586 pts -> /nas/data_2/araake/scenefun3d/openscene/data/scenefun_3d_vg/train/scene0208_00.pth
[DONE] scene0208_00
[INFO] Scene scene0209_00 (visit=467344, video=47333965) split=train types=3d
[INFO] VoxelGrid downsampled points: 4266557 -> 331458 (max=500000)
[INFO] 3D export: coords=331458 pts -> /nas/data_2/araake/scenefun3d/openscene/data/scenefun_3d_vg/train/scene0209_00.pth
[DONE] scene0209_00
[INFO] Scene scene0210_00 (visit=467346, video=47333876) split=train types=3d
[INFO] VoxelGrid downsampled points: 4993822 -> 311005 (max=500000)
[INFO] 3D export: coords=311005 pts -> /nas/data_2/araake/scenefun3d/openscene/data/scenefun_3d_vg/train/scene0210_00.pth
[DONE] scene0210_00
[INFO] Scene scene0211_00 (visit=467350, video=47333873) split=train types=3d
[INFO] VoxelGrid downsampled points: 4358396 -> 375719 (max=500000)
[INFO] 3D export: coords=375719 pts -> /nas/data_2/araake/scenefun3d/openscene/data/scenefun_3d_vg/train/scene0211_00.pth
[DONE] scene0211_00
[INFO] Scene scene0212_00 (visit=467351, video=47333945) split=train types=3d
[INFO] VoxelGrid downsampled points: 6465651 -> 377404 (max=500000)
[INFO] 3D export: coords=377404 pts -> /nas/data_2/araake/scenefun3d/openscene/data/scenefun_3d_vg/train/scene0212_00.pth
[DONE] scene0212_00
[INFO] Scene scene0213_00 (visit=467360, video=47333785) split=train types=3d
[INFO] VoxelGrid downsampled points: 2297136 -> 225654 (max=500000)
[INFO] 3D export: coords=225654 pts -> /nas/data_2/araake/scenefun3d/openscene/data/scenefun_3d_vg/train/scene0213_00.pth
[DONE] scene0213_00
[INFO] Scene scene0214_00 (visit=467367, video=47333847) split=train types=3d
[INFO] VoxelGrid downsampled points: 5598406 -> 385597 (max=500000)
[INFO] 3D export: coords=385597 pts -> /nas/data_2/araake/scenefun3d/openscene/data/scenefun_3d_vg/train/scene0214_00.pth
[DONE] scene0214_00
[INFO] Scene scene0215_00 (visit=468071, video=47333838) split=train types=3d
[INFO] VoxelGrid downsampled points: 3335738 -> 364405 (max=500000)
[INFO] 3D export: coords=364405 pts -> /nas/data_2/araake/scenefun3d/openscene/data/scenefun_3d_vg/train/scene0215_00.pth
[DONE] scene0215_00
[INFO] Scene scene0216_00 (visit=468074, video=47333826) split=train types=3d
[INFO] VoxelGrid downsampled points: 2024989 -> 242077 (max=500000)
[INFO] 3D export: coords=242077 pts -> /nas/data_2/araake/scenefun3d/openscene/data/scenefun_3d_vg/train/scene0216_00.pth
[DONE] scene0216_00
[INFO] Scene scene0217_00 (visit=468104, video=47334559) split=train types=3d
[INFO] VoxelGrid downsampled points: 4796218 -> 260477 (max=500000)
[INFO] 3D export: coords=260477 pts -> /nas/data_2/araake/scenefun3d/openscene/data/scenefun_3d_vg/train/scene0217_00.pth
[DONE] scene0217_00
[INFO] Scene scene0218_00 (visit=468108, video=47334557) split=train types=3d
[INFO] VoxelGrid downsampled points: 2796744 -> 308248 (max=500000)
[INFO] 3D export: coords=308248 pts -> /nas/data_2/araake/scenefun3d/openscene/data/scenefun_3d_vg/train/scene0218_00.pth
[DONE] scene0218_00
[INFO] Scene scene0219_00 (visit=468111, video=47334548) split=train types=3d
[INFO] VoxelGrid downsampled points: 2013358 -> 203334 (max=500000)
[INFO] 3D export: coords=203334 pts -> /nas/data_2/araake/scenefun3d/openscene/data/scenefun_3d_vg/train/scene0219_00.pth
[DONE] scene0219_00
[INFO] Scene scene0220_00 (visit=468136, video=47334525) split=train types=3d
[INFO] VoxelGrid downsampled points: 1729690 -> 266729 (max=500000)
[INFO] 3D export: coords=266729 pts -> /nas/data_2/araake/scenefun3d/openscene/data/scenefun_3d_vg/train/scene0220_00.pth
[DONE] scene0220_00
[INFO] Scene scene0221_00 (visit=468140, video=47334514) split=train types=3d
[INFO] VoxelGrid downsampled points: 2219823 -> 226010 (max=500000)
[INFO] 3D export: coords=226010 pts -> /nas/data_2/araake/scenefun3d/openscene/data/scenefun_3d_vg/train/scene0221_00.pth
[DONE] scene0221_00
[INFO] Scene scene0222_00 (visit=468146, video=47334499) split=train types=3d
[INFO] VoxelGrid downsampled points: 6455678 -> 346370 (max=500000)
[INFO] 3D export: coords=346370 pts -> /nas/data_2/araake/scenefun3d/openscene/data/scenefun_3d_vg/train/scene0222_00.pth
[DONE] scene0222_00
[INFO] Scene scene0223_00 (visit=468275, video=47331298) split=train types=3d
[INFO] VoxelGrid downsampled points: 5199859 -> 312682 (max=500000)
[INFO] 3D export: coords=312682 pts -> /nas/data_2/araake/scenefun3d/openscene/data/scenefun_3d_vg/train/scene0223_00.pth
[DONE] scene0223_00
[INFO] Scene scene0224_00 (visit=468282, video=47331279) split=val types=3d
[INFO] VoxelGrid downsampled points: 3608257 -> 260961 (max=500000)
[INFO] 3D export: coords=260961 pts -> /nas/data_2/araake/scenefun3d/openscene/data/scenefun_3d_vg/val/scene0224_00.pth
[DONE] scene0224_00
[INFO] Scene scene0225_00 (visit=468393, video=45261651) split=train types=3d
[INFO] VoxelGrid downsampled points: 5923731 -> 332187 (max=500000)
[INFO] 3D export: coords=332187 pts -> /nas/data_2/araake/scenefun3d/openscene/data/scenefun_3d_vg/train/scene0225_00.pth
[DONE] scene0225_00
[INFO] Scene scene0226_00 (visit=468402, video=45261645) split=train types=3d
[INFO] VoxelGrid downsampled points: 5186395 -> 375079 (max=500000)
[INFO] 3D export: coords=375079 pts -> /nas/data_2/araake/scenefun3d/openscene/data/scenefun_3d_vg/train/scene0226_00.pth
[DONE] scene0226_00
[INFO] Scene scene0227_00 (visit=468476, video=45261686) split=val types=3d
[INFO] VoxelGrid downsampled points: 6762678 -> 328848 (max=500000)
[INFO] 3D export: coords=328848 pts -> /nas/data_2/araake/scenefun3d/openscene/data/scenefun_3d_vg/val/scene0227_00.pth
[DONE] scene0227_00
[INFO] Scene scene0228_00 (visit=468477, video=45261675) split=train types=3d
[INFO] VoxelGrid downsampled points: 5428396 -> 301042 (max=500000)
[INFO] 3D export: coords=301042 pts -> /nas/data_2/araake/scenefun3d/openscene/data/scenefun_3d_vg/train/scene0228_00.pth
[DONE] scene0228_00
[INFO] Scene scene0229_00 (visit=468496, video=45662870) split=train types=3d
[INFO] VoxelGrid downsampled points: 4572639 -> 291438 (max=500000)
[INFO] 3D export: coords=291438 pts -> /nas/data_2/araake/scenefun3d/openscene/data/scenefun_3d_vg/train/scene0229_00.pth
[DONE] scene0229_00
[DONE] All tasks
